2026.05.28 16:40:17 INFO  Started: Metals version 1.6.7 in folders '/Users/bouda/Desktop/SEG3503/Lab/Lab1/SEG3503_Laboratoire1/seg3503_playground/Lab2' for client Visual Studio Code 1.121.0.
2026.05.28 16:40:17 INFO  Memory monitor started
2026.05.28 16:40:17 WARN  Using H2 2.4.240 which is newer than the version Flyway has been verified with. The latest verified version of H2 is 2.3.232.
2026.05.28 16:40:17 INFO  no build target found for /Users/bouda/Desktop/SEG3503/Lab/Lab1/SEG3503_Laboratoire1/seg3503_playground/Lab2/ecs/test/BitTest.java. Using fallback presentation compiler.
May 28, 2026 4:40:18 P.M. org.eclipse.lsp4j.jsonrpc.RemoteEndpoint handleCancellation
WARNING: Unmatched cancel notification for request id 2
May 28, 2026 4:40:18 P.M. org.eclipse.lsp4j.jsonrpc.RemoteEndpoint handleCancellation
WARNING: Unmatched cancel notification for request id 1
2026.05.28 16:40:17 INFO  no build target found for /Users/bouda/Desktop/SEG3503/Lab/Lab1/SEG3503_Laboratoire1/seg3503_playground/Lab2/ecs/test/DateNextDateOkTest.java. Using fallback presentation compiler.
2026.05.28 16:40:17 INFO  no build target found for /Users/bouda/Desktop/SEG3503/Lab/Lab1/SEG3503_Laboratoire1/seg3503_playground/Lab2/ecs/test/DateNextDateOkTest.java. Using fallback presentation compiler.
May 28, 2026 4:40:18 P.M. org.eclipse.lsp4j.jsonrpc.RemoteEndpoint handleCancellation
WARNING: Unmatched cancel notification for request id 7
May 28, 2026 4:40:18 P.M. org.eclipse.lsp4j.jsonrpc.RemoteEndpoint handleCancellation
WARNING: Unmatched cancel notification for request id 10
May 28, 2026 4:40:18 P.M. org.eclipse.lsp4j.jsonrpc.RemoteEndpoint handleCancellation
WARNING: Unmatched cancel notification for request id 9
2026.05.28 16:40:18 INFO  no build target found for /Users/bouda/Desktop/SEG3503/Lab/Lab1/SEG3503_Laboratoire1/seg3503_playground/Lab2/ecs/test/DateNextDateOkTest.java. Using fallback presentation compiler.
2026.05.28 16:40:18 WARN  no build tool detected in workspace '/Users/bouda/Desktop/SEG3503/Lab/Lab1/SEG3503_Laboratoire1/seg3503_playground/Lab2'. The most common cause for this problem is that the editor was opened in the wrong working directory, for example if you use sbt then the workspace directory should contain build.sbt. 
2026.05.28 16:40:18 WARN  Build server is not auto-connectable.
2026.05.28 16:40:18 WARN  no build target for: /Users/bouda/Desktop/SEG3503/Lab/Lab1/SEG3503_Laboratoire1/seg3503_playground/Lab2/ecs/test/BitTest.java
2026.05.28 16:40:18 WARN  no build target for: /Users/bouda/Desktop/SEG3503/Lab/Lab1/SEG3503_Laboratoire1/seg3503_playground/Lab2/ecs/test/BitAndTest.java
2026.05.28 16:40:18 WARN  no build target for: /Users/bouda/Desktop/SEG3503/Lab/Lab1/SEG3503_Laboratoire1/seg3503_playground/Lab2/ecs/test/DateNextDateOkTest.java
2026.05.28 16:40:20 INFO  no build target found for /Users/bouda/Desktop/SEG3503/Lab/Lab1/SEG3503_Laboratoire1/seg3503_playground/Lab2/ecs/test/BitTest.java. Using fallback presentation compiler.
2026.05.28 16:40:20 INFO  no build target found for /Users/bouda/Desktop/SEG3503/Lab/Lab1/SEG3503_Laboratoire1/seg3503_playground/Lab2/ecs/test/BitAndTest.java. Using fallback presentation compiler.
2026.05.29 14:17:00 INFO  Shutting down server
2026.05.29 14:17:00 INFO  Memory monitor stopped
2026.05.29 14:17:00 INFO  shutting down Metals
2026.05.29 14:17:00 INFO  Exiting server
2026.05.30 20:05:02 INFO  Started: Metals version 1.6.7 in folders '/Users/bouda/Desktop/SEG3503/Lab/Lab1/SEG3503_Laboratoire1/seg3503_playground/Lab2' for client Visual Studio Code 1.121.0.
2026.05.30 20:05:02 INFO  Memory monitor started
2026.05.30 20:05:02 WARN  Using H2 2.4.240 which is newer than the version Flyway has been verified with. The latest verified version of H2 is 2.3.232.
2026.05.30 20:05:02 INFO  no build target found for /Users/bouda/Desktop/SEG3503/Lab/Lab1/SEG3503_Laboratoire1/seg3503_playground/Lab2/ecs/test/BitAndTest.java. Using fallback presentation compiler.
May 30, 2026 8:05:03 P.M. org.eclipse.lsp4j.jsonrpc.RemoteEndpoint handleCancellation
WARNING: Unmatched cancel notification for request id 2
2026.05.30 20:05:02 INFO  no build target found for /Users/bouda/Desktop/SEG3503/Lab/Lab1/SEG3503_Laboratoire1/seg3503_playground/Lab2/ecs/test/BitAndTest.java. Using fallback presentation compiler.
2026.05.30 20:05:03 WARN  no build tool detected in workspace '/Users/bouda/Desktop/SEG3503/Lab/Lab1/SEG3503_Laboratoire1/seg3503_playground/Lab2'. The most common cause for this problem is that the editor was opened in the wrong working directory, for example if you use sbt then the workspace directory should contain build.sbt. 
2026.05.30 20:05:02 INFO  no build target found for /Users/bouda/Desktop/SEG3503/Lab/Lab1/SEG3503_Laboratoire1/seg3503_playground/Lab2/ecs/test/BitAndTest.java. Using fallback presentation compiler.
2026.05.30 20:05:03 WARN  Build server is not auto-connectable.
2026.05.30 20:05:03 WARN  no build target for: /Users/bouda/Desktop/SEG3503/Lab/Lab1/SEG3503_Laboratoire1/seg3503_playground/Lab2/ecs/test/BitAndTest.java
2026.05.30 20:05:02 INFO  no build target found for /Users/bouda/Desktop/SEG3503/Lab/Lab1/SEG3503_Laboratoire1/seg3503_playground/Lab2/ecs/test/BitAndTest.java. Using fallback presentation compiler.
2026.05.30 20:05:02 INFO  no build target found for /Users/bouda/Desktop/SEG3503/Lab/Lab1/SEG3503_Laboratoire1/seg3503_playground/Lab2/ecs/test/BitAndTest.java. Using fallback presentation compiler.
May 30, 2026 8:05:03 P.M. org.eclipse.lsp4j.jsonrpc.RemoteEndpoint handleCancellation
WARNING: Unmatched cancel notification for request id 8
2026.05.30 20:05:03 INFO  no build target found for /Users/bouda/Desktop/SEG3503/Lab/Lab1/SEG3503_Laboratoire1/seg3503_playground/Lab2/ecs/test/BitAndTest.java. Using fallback presentation compiler.
2026.05.30 20:05:03 INFO  no build target found for /Users/bouda/Desktop/SEG3503/Lab/Lab1/SEG3503_Laboratoire1/seg3503_playground/Lab2/ecs/test/BitAndTest.java. Using fallback presentation compiler.
2026.05.30 20:05:03 INFO  no build target found for /Users/bouda/Desktop/SEG3503/Lab/Lab1/SEG3503_Laboratoire1/seg3503_playground/Lab2/ecs/test/BitAndTest.java. Using fallback presentation compiler.
2026.05.30 20:05:04 INFO  no build target found for /Users/bouda/Desktop/SEG3503/Lab/Lab1/SEG3503_Laboratoire1/seg3503_playground/Lab2/ecs/test/BitAndTest.java. Using fallback presentation compiler.
2026.05.30 20:05:05 INFO  no build target found for /Users/bouda/Desktop/SEG3503/Lab/Lab1/SEG3503_Laboratoire1/seg3503_playground/Lab2/ecs/test/BitAndTest.java. Using fallback presentation compiler.
2026.05.30 20:06:16 WARN  no build target for: /Users/bouda/Desktop/SEG3503/Lab/Lab1/SEG3503_Laboratoire1/seg3503_playground/Lab2/ecs/test/BitAndTest.java
2026.05.30 20:06:16 INFO  no build target found for /Users/bouda/Desktop/SEG3503/Lab/Lab1/SEG3503_Laboratoire1/seg3503_playground/Lab2/ecs/test/BitAndTest.java. Using fallback presentation compiler.
2026.05.30 20:06:16 INFO  no build target found for /Users/bouda/Desktop/SEG3503/Lab/Lab1/SEG3503_Laboratoire1/seg3503_playground/Lab2/ecs/test/BitAndTest.java. Using fallback presentation compiler.
May 30, 2026 8:06:28 P.M. org.eclipse.lsp4j.jsonrpc.services.GenericEndpoint notify
INFO: Unsupported notification method: $/setTrace
May 30, 2026 8:06:28 P.M. org.eclipse.lsp4j.jsonrpc.services.GenericEndpoint notify
INFO: Unsupported notification method: $/setTrace
2026.05.30 20:06:28 INFO  no build target found for /Users/bouda/Desktop/SEG3503/Lab/Lab1/SEG3503_Laboratoire1/seg3503_playground/Lab2/ecs/test/BitAndTest.java. Using fallback presentation compiler.
May 30, 2026 8:06:29 P.M. org.eclipse.lsp4j.jsonrpc.services.GenericEndpoint notify
INFO: Unsupported notification method: $/setTrace
2026.05.30 20:06:28 INFO  no build target found for /Users/bouda/Desktop/SEG3503/Lab/Lab1/SEG3503_Laboratoire1/seg3503_playground/Lab2/ecs/test/BitAndTest.java. Using fallback presentation compiler.
2026.05.30 20:12:39 INFO  no build target found for /Users/bouda/Desktop/SEG3503/Lab/Lab1/SEG3503_Laboratoire1/seg3503_playground/Lab2/ecs/test/BitAndTest.java. Using fallback presentation compiler.
2026.05.30 20:12:46 INFO  no build target found for /Users/bouda/Desktop/SEG3503/Lab/Lab1/SEG3503_Laboratoire1/seg3503_playground/Lab2/ecs/test/BitAndTest.java. Using fallback presentation compiler.
2026.05.30 20:12:51 INFO  no build target found for /Users/bouda/Desktop/SEG3503/Lab/Lab1/SEG3503_Laboratoire1/seg3503_playground/Lab2/ecs/test/BitAndTest.java. Using fallback presentation compiler.
2026.05.30 20:12:59 INFO  no build target found for /Users/bouda/Desktop/SEG3503/Lab/Lab1/SEG3503_Laboratoire1/seg3503_playground/Lab2/ecs/test/BitAndTest.java. Using fallback presentation compiler.
